<?xml version="1.0" encoding="UTF-8"?>
<!-- Generated by org.testng.reporters.JUnitReportReporter -->
<testsuite hostname="ubuntu-andrew" name="com.saucelabs.SampleSauceTest" tests="2" failures="0" timestamp="14 Mar 2014 15:15:22 GMT" time="39.830" errors="0">
  <testcase name="webDriver" time="21.680" classname="com.saucelabs.SampleSauceTest"/>
  <testcase name="webDriver" time="18.150" classname="com.saucelabs.SampleSauceTest"/>
</testsuite>
